<?xml version="1.0" encoding="UTF-8"?>
<!-- Generated by org.testng.reporters.JUnitReportReporter -->
<testsuite skipped="0" hostname="DBS-NOTE-228" name="validacepapi.ValidaCepTests" tests="3" failures="0" timestamp="2020-05-21T01:08:36 BRT" time="9.090" errors="0">
  <testcase name="consulta_cep_valido" time="0.960" classname="validacepapi.ValidaCepTests"/>
  <system-out/>
  <testcase name="consulta_cep_inexistente" time="6.827" classname="validacepapi.ValidaCepTests"/>
  <system-out/>
  <testcase name="consulta_cep_invalido" time="1.303" classname="validacepapi.ValidaCepTests"/>
  <system-out/>
</testsuite> <!-- validacepapi.ValidaCepTests -->
